<?xml version="1.0" encoding="UTF-8"?>
<!-- Generated by org.testng.reporters.JUnitReportReporter -->
<testsuite hostname="LAPTOP-4H0O299B" failures="0" tests="2" name="com.amazon.qa.testcases.LoginPageTest" time="7.898" errors="0" timestamp="29 Jun 2021 09:47:43 GMT" skipped="0">
  <testcase classname="com.amazon.qa.testcases.LoginPageTest" name="PageTitleVerification" time="0.118"/>
  <testcase classname="com.amazon.qa.testcases.LoginPageTest" name="loginProcess" time="7.780"/>
</testsuite> <!-- com.amazon.qa.testcases.LoginPageTest -->
