<?xml version="1.0" encoding="UTF-8"?>
<!-- Generated by org.testng.reporters.JUnitReportReporter -->
<testsuite hostname="LAPTOP-4H0O299B" failures="0" tests="4" name="com.amazon.qa.testcases.ProductPageTest" time="92.035" errors="0" timestamp="30 Jun 2021 15:20:05 GMT" skipped="0">
  <testcase classname="com.amazon.qa.testcases.ProductPageTest" name="userNameVerification" time="20.173"/>
  <testcase classname="com.amazon.qa.testcases.ProductPageTest" name="productNameVerification" time="20.577"/>
  <testcase classname="com.amazon.qa.testcases.ProductPageTest" name="productPriceVerification" time="18.062"/>
  <testcase classname="com.amazon.qa.testcases.ProductPageTest" name="purchasingProduct" time="33.223"/>
</testsuite> <!-- com.amazon.qa.testcases.ProductPageTest -->
