<?xml version="1.0" encoding="UTF-8"?>
<!-- Generated by org.testng.reporters.JUnitReportReporter -->
<testsuite hostname="LAPTOP-4H0O299B" failures="0" tests="2" name="com.amazon.qa.testcases.PaymentPageTest" time="83.854" errors="0" timestamp="30 Jun 2021 15:20:05 GMT" skipped="0">
  <testcase classname="com.amazon.qa.testcases.PaymentPageTest" name="verifyHeadingTest" time="44.031"/>
  <testcase classname="com.amazon.qa.testcases.PaymentPageTest" name="paymentProcess" time="39.823"/>
</testsuite> <!-- com.amazon.qa.testcases.PaymentPageTest -->
