<?xml version="1.0" encoding="UTF-8"?>
<!-- Generated by org.testng.reporters.JUnitReportReporter -->
<testsuite hostname="LAPTOP-4H0O299B" failures="0" tests="2" name="com.amazon.qa.testcases.HomePageTest" time="1.547" errors="0" timestamp="29 Jun 2021 09:47:43 GMT" skipped="0">
  <testcase classname="com.amazon.qa.testcases.HomePageTest" name="PageTitleVerification" time="0.119"/>
  <testcase classname="com.amazon.qa.testcases.HomePageTest" name="loginClick" time="1.428"/>
</testsuite> <!-- com.amazon.qa.testcases.HomePageTest -->
