<?xml version="1.0" encoding="UTF-8"?>
<!-- Generated by org.testng.reporters.JUnitReportReporter -->
<testsuite hostname="LAPTOP-4H0O299B" failures="0" tests="4" name="com.amazon.qa.testcases.ProductPageTest" time="25.694" errors="0" timestamp="29 Jun 2021 09:47:43 GMT" skipped="0">
  <testcase classname="com.amazon.qa.testcases.ProductPageTest" name="userNameVerification" time="5.177"/>
  <testcase classname="com.amazon.qa.testcases.ProductPageTest" name="productNameVerification" time="5.168"/>
  <testcase classname="com.amazon.qa.testcases.ProductPageTest" name="productPriceVerification" time="0.068"/>
  <testcase classname="com.amazon.qa.testcases.ProductPageTest" name="purchasingProduct" time="15.281"/>
</testsuite> <!-- com.amazon.qa.testcases.ProductPageTest -->
