<?xml version="1.0" encoding="UTF-8"?>
<!-- Generated by org.testng.reporters.JUnitReportReporter -->
<testsuite hostname="LAPTOP-4H0O299B" failures="0" tests="3" name="com.amazon.qa.testcases.SearchPageTest" time="42.450" errors="0" timestamp="30 Jun 2021 15:20:05 GMT" skipped="0">
  <testcase classname="com.amazon.qa.testcases.SearchPageTest" name="verifyPageTitle" time="13.446"/>
  <testcase classname="com.amazon.qa.testcases.SearchPageTest" name="veifyUserName" time="14.307"/>
  <testcase classname="com.amazon.qa.testcases.SearchPageTest" name="searchItem" time="14.697"/>
</testsuite> <!-- com.amazon.qa.testcases.SearchPageTest -->
