<?xml version="1.0" encoding="UTF-8"?>
<!-- Generated by org.testng.reporters.JUnitReportReporter -->
<testsuite hostname="LAPTOP-4H0O299B" failures="0" tests="2" name="com.amazon.qa.testcases.HomePageTest" time="16.944" errors="0" timestamp="30 Jun 2021 15:20:05 GMT" skipped="0">
  <testcase classname="com.amazon.qa.testcases.HomePageTest" name="PageTitleVerification" time="8.745"/>
  <testcase classname="com.amazon.qa.testcases.HomePageTest" name="loginClick" time="8.199"/>
</testsuite> <!-- com.amazon.qa.testcases.HomePageTest -->
